2019-07-22 09:14:56,230 INFO 7392  --- [YOS-20161225GVT] - listening at http://localhost:5000
2019-07-22 09:16:21,564 DEBUG 7392  --- [YOS-20161225GVT] - [GET] -> [/] from: ::1 costs: 7ms data:{
    "param": {},
    "body": {}
}
2019-07-22 09:16:21,761 DEBUG 7392  --- [YOS-20161225GVT] - [GET] -> [/favicon.ico] from: ::1 costs: 0ms data:{
    "param": {},
    "body": {}
}
2019-07-22 09:18:30,909 DEBUG 7392  --- [YOS-20161225GVT] - [POST] -> [/cms/user/login] from: ::1 costs: 62ms data:{
    "param": {},
    "body": {
        "nickname": "super",
        "password": "123456"
    }
}
2019-07-22 09:18:30,965 DEBUG 7392  --- [YOS-20161225GVT] - [GET] -> [/cms/user/auths] from: ::1 costs: 13ms data:{
    "param": {},
    "body": {}
}
2019-07-22 09:18:50,257 DEBUG 7392  --- [YOS-20161225GVT] - [GET] -> [/cms/log/users?count=5&page=0] from: ::1 costs: 28ms data:{
    "param": {
        "count": "5",
        "page": "0"
    },
    "body": {}
}
2019-07-22 09:18:50,315 DEBUG 7392  --- [YOS-20161225GVT] - [GET] -> [/cms/log/?count=15&page=0] from: ::1 costs: 22ms data:{
    "param": {
        "count": "15",
        "page": "0"
    },
    "body": {}
}
2019-07-22 10:51:20,147 DEBUG 7392  --- [YOS-20161225GVT] - [GET] -> [/v1/book/] from: ::1 costs: 38ms data:{
    "param": {},
    "body": {}
}
2019-07-22 10:51:22,285 DEBUG 7392  --- [YOS-20161225GVT] - [GET] -> [/v1/book/1] from: ::1 costs: 5ms data:{
    "param": {},
    "body": {}
}
2019-07-22 10:51:29,136 DEBUG 7392  --- [YOS-20161225GVT] - [GET] -> [/v1/book/] from: ::1 costs: 6ms data:{
    "param": {},
    "body": {}
}
2019-07-22 11:44:12,073 DEBUG 7392  --- [YOS-20161225GVT] - [GET] -> [/v1/wuxi/undefined] from: ::1 costs: 53ms data:{
    "param": {},
    "body": {}
}
2019-07-22 14:38:32,466 DEBUG 7392  --- [YOS-20161225GVT] - [POST] -> [/cms/user/login] from: ::1 costs: 54ms data:{
    "param": {},
    "body": {
        "nickname": "super",
        "password": "123456"
    }
}
2019-07-22 14:38:32,503 DEBUG 7392  --- [YOS-20161225GVT] - [GET] -> [/cms/user/auths] from: ::1 costs: 10ms data:{
    "param": {},
    "body": {}
}
2019-07-22 14:38:46,069 DEBUG 7392  --- [YOS-20161225GVT] - [GET] -> [/v1/wuxi/undefined] from: ::1 costs: 19ms data:{
    "param": {},
    "body": {}
}
2019-07-22 14:39:03,987 DEBUG 7392  --- [YOS-20161225GVT] - [GET] -> [/v1/wuxi/undefined] from: ::1 costs: 27ms data:{
    "param": {},
    "body": {}
}
2019-07-22 14:40:51,745 DEBUG 7392  --- [YOS-20161225GVT] - [GET] -> [/] from: ::1 costs: 1ms data:{
    "param": {},
    "body": {}
}
2019-07-22 14:41:03,701 DEBUG 7392  --- [YOS-20161225GVT] - [GET] -> [/v1/wuxi] from: ::1 costs: 16ms data:{
    "param": {},
    "body": {}
}
2019-07-22 15:44:16,334 DEBUG 7392  --- [YOS-20161225GVT] - [GET] -> [/v1/wuxi/] from: ::1 costs: 55ms data:{
    "param": {},
    "body": {}
}
2019-07-22 15:46:25,218 DEBUG 7392  --- [YOS-20161225GVT] - [GET] -> [/v1/wuxi/] from: ::1 costs: 25ms data:{
    "param": {},
    "body": {}
}
2019-07-22 15:46:32,963 DEBUG 7392  --- [YOS-20161225GVT] - [GET] -> [/v1/wuxi/] from: ::1 costs: 6ms data:{
    "param": {},
    "body": {}
}
2019-07-22 16:04:26,504 DEBUG 7392  --- [YOS-20161225GVT] - [GET] -> [/v1/wuxi/] from: ::1 costs: 14ms data:{
    "param": {},
    "body": {}
}
2019-07-22 16:04:35,363 DEBUG 7392  --- [YOS-20161225GVT] - [GET] -> [/v1/wuxi/] from: ::1 costs: 5ms data:{
    "param": {},
    "body": {}
}
2019-07-22 16:04:50,273 DEBUG 7392  --- [YOS-20161225GVT] - [GET] -> [/v1/wuxi/] from: ::1 costs: 31ms data:{
    "param": {},
    "body": {}
}
2019-07-22 16:17:23,843 DEBUG 7392  --- [YOS-20161225GVT] - [GET] -> [/v1/wuxi/] from: ::1 costs: 30ms data:{
    "param": {},
    "body": {}
}
2019-07-22 16:18:19,217 DEBUG 7392  --- [YOS-20161225GVT] - [GET] -> [/v1/wuxi/] from: ::1 costs: 26ms data:{
    "param": {},
    "body": {}
}
2019-07-22 16:18:55,142 DEBUG 7392  --- [YOS-20161225GVT] - [GET] -> [/v1/wuxi/] from: ::1 costs: 12ms data:{
    "param": {},
    "body": {}
}
2019-07-22 16:19:12,818 DEBUG 7392  --- [YOS-20161225GVT] - [GET] -> [/v1/wuxi/] from: ::1 costs: 31ms data:{
    "param": {},
    "body": {}
}
2019-07-22 16:19:34,400 DEBUG 7392  --- [YOS-20161225GVT] - [GET] -> [/v1/wuxi/] from: ::1 costs: 24ms data:{
    "param": {},
    "body": {}
}
2019-07-22 16:20:18,652 DEBUG 7392  --- [YOS-20161225GVT] - [GET] -> [/v1/wuxi/] from: ::1 costs: 10ms data:{
    "param": {},
    "body": {}
}
2019-07-22 16:20:32,263 DEBUG 7392  --- [YOS-20161225GVT] - [GET] -> [/v1/wuxi/] from: ::1 costs: 26ms data:{
    "param": {},
    "body": {}
}
2019-07-22 16:20:39,306 DEBUG 7392  --- [YOS-20161225GVT] - [GET] -> [/v1/wuxi/] from: ::1 costs: 7ms data:{
    "param": {},
    "body": {}
}
2019-07-22 16:20:48,372 DEBUG 7392  --- [YOS-20161225GVT] - [GET] -> [/v1/wuxi/] from: ::1 costs: 5ms data:{
    "param": {},
    "body": {}
}
2019-07-22 16:21:27,985 DEBUG 7392  --- [YOS-20161225GVT] - [GET] -> [/v1/book/] from: ::1 costs: 36ms data:{
    "param": {},
    "body": {}
}
2019-07-22 16:21:31,941 DEBUG 7392  --- [YOS-20161225GVT] - [GET] -> [/v1/book/1] from: ::1 costs: 21ms data:{
    "param": {},
    "body": {}
}
2019-07-22 16:21:45,617 DEBUG 7392  --- [YOS-20161225GVT] - [GET] -> [/v1/book/] from: ::1 costs: 22ms data:{
    "param": {},
    "body": {}
}
2019-07-22 16:21:58,823 DEBUG 7392  --- [YOS-20161225GVT] - [GET] -> [/v1/wuxi/undefined] from: ::1 costs: 29ms data:{
    "param": {},
    "body": {}
}
2019-07-22 16:22:40,187 DEBUG 7392  --- [YOS-20161225GVT] - [GET] -> [/v1/book/] from: ::1 costs: 19ms data:{
    "param": {},
    "body": {}
}
2019-07-22 16:22:42,311 DEBUG 7392  --- [YOS-20161225GVT] - [GET] -> [/v1/book/1] from: ::1 costs: 4ms data:{
    "param": {},
    "body": {}
}
2019-07-22 16:22:57,112 DEBUG 7392  --- [YOS-20161225GVT] - [GET] -> [/v1/book/] from: ::1 costs: 21ms data:{
    "param": {},
    "body": {}
}
2019-07-22 16:22:58,860 DEBUG 7392  --- [YOS-20161225GVT] - [GET] -> [/v1/book/1] from: ::1 costs: 6ms data:{
    "param": {},
    "body": {}
}
2019-07-22 16:27:54,470 DEBUG 7392  --- [YOS-20161225GVT] - [GET] -> [/v1/wuxi/] from: ::1 costs: 11ms data:{
    "param": {},
    "body": {}
}
2019-07-22 16:27:57,234 DEBUG 7392  --- [YOS-20161225GVT] - [GET] -> [/v1/wuxi/undefined] from: ::1 costs: 4ms data:{
    "param": {},
    "body": {}
}
2019-07-22 16:28:19,863 DEBUG 7392  --- [YOS-20161225GVT] - [GET] -> [/v1/wuxi/] from: ::1 costs: 27ms data:{
    "param": {},
    "body": {}
}
2019-07-22 16:28:28,518 DEBUG 7392  --- [YOS-20161225GVT] - [GET] -> [/v1/wuxi/] from: ::1 costs: 4ms data:{
    "param": {},
    "body": {}
}
2019-07-22 16:30:39,193 DEBUG 7392  --- [YOS-20161225GVT] - [GET] -> [/v1/wuxi/] from: ::1 costs: 50ms data:{
    "param": {},
    "body": {}
}
2019-07-22 16:31:47,778 DEBUG 7392  --- [YOS-20161225GVT] - [GET] -> [/v1/wuxi/] from: ::1 costs: 12ms data:{
    "param": {},
    "body": {}
}
2019-07-22 16:32:42,916 DEBUG 7392  --- [YOS-20161225GVT] - [GET] -> [/v1/wuxi/] from: ::1 costs: 68ms data:{
    "param": {},
    "body": {}
}
2019-07-22 16:32:52,590 DEBUG 7392  --- [YOS-20161225GVT] - [GET] -> [/v1/wuxi/] from: ::1 costs: 4ms data:{
    "param": {},
    "body": {}
}
2019-07-22 16:33:46,966 DEBUG 7392  --- [YOS-20161225GVT] - [GET] -> [/v1/wuxi/] from: ::1 costs: 15ms data:{
    "param": {},
    "body": {}
}
2019-07-22 16:34:12,127 DEBUG 7392  --- [YOS-20161225GVT] - [GET] -> [/v1/wuxi/] from: ::1 costs: 23ms data:{
    "param": {},
    "body": {}
}
2019-07-22 16:34:56,429 DEBUG 7392  --- [YOS-20161225GVT] - [GET] -> [/v1/wuxi/] from: ::1 costs: 69ms data:{
    "param": {},
    "body": {}
}
2019-07-22 16:34:56,578 DEBUG 7392  --- [YOS-20161225GVT] - [DELETE] -> [/v1/wuxi/undefined] from: ::1 costs: 13ms data:{
    "param": {},
    "body": {}
}
2019-07-22 16:35:23,312 DEBUG 7392  --- [YOS-20161225GVT] - [GET] -> [/v1/wuxi/] from: ::1 costs: 74ms data:{
    "param": {},
    "body": {}
}
2019-07-22 16:35:23,384 DEBUG 7392  --- [YOS-20161225GVT] - [DELETE] -> [/v1/wuxi/undefined] from: ::1 costs: 3ms data:{
    "param": {},
    "body": {}
}
2019-07-22 16:37:06,513 DEBUG 7392  --- [YOS-20161225GVT] - [GET] -> [/v1/wuxi/] from: ::1 costs: 41ms data:{
    "param": {},
    "body": {}
}
2019-07-22 16:37:06,603 DEBUG 7392  --- [YOS-20161225GVT] - [DELETE] -> [/v1/wuxi/undefined] from: ::1 costs: 4ms data:{
    "param": {},
    "body": {}
}
2019-07-22 16:37:26,335 DEBUG 7392  --- [YOS-20161225GVT] - [GET] -> [/v1/wuxi/] from: ::1 costs: 25ms data:{
    "param": {},
    "body": {}
}
2019-07-22 16:37:26,443 DEBUG 7392  --- [YOS-20161225GVT] - [DELETE] -> [/v1/wuxi/undefined] from: ::1 costs: 9ms data:{
    "param": {},
    "body": {}
}
2019-07-22 16:38:19,385 DEBUG 7392  --- [YOS-20161225GVT] - [GET] -> [/v1/wuxi/] from: ::1 costs: 31ms data:{
    "param": {},
    "body": {}
}
2019-07-22 16:38:19,470 DEBUG 7392  --- [YOS-20161225GVT] - [DELETE] -> [/v1/wuxi/undefined] from: ::1 costs: 5ms data:{
    "param": {},
    "body": {}
}
2019-07-22 16:38:34,442 DEBUG 7392  --- [YOS-20161225GVT] - [GET] -> [/v1/wuxi/] from: ::1 costs: 137ms data:{
    "param": {},
    "body": {}
}
2019-07-22 16:38:34,784 DEBUG 7392  --- [YOS-20161225GVT] - [DELETE] -> [/v1/wuxi/undefined] from: ::1 costs: 8ms data:{
    "param": {},
    "body": {}
}
2019-07-22 16:38:40,331 DEBUG 7392  --- [YOS-20161225GVT] - [GET] -> [/v1/wuxi/] from: ::1 costs: 8ms data:{
    "param": {},
    "body": {}
}
2019-07-22 16:38:40,602 DEBUG 7392  --- [YOS-20161225GVT] - [DELETE] -> [/v1/wuxi/undefined] from: ::1 costs: 4ms data:{
    "param": {},
    "body": {}
}
2019-07-22 16:42:31,016 DEBUG 7392  --- [YOS-20161225GVT] - [GET] -> [/v1/wuxi/1] from: ::1 costs: 20ms data:{
    "param": {},
    "body": {}
}
2019-07-22 16:43:24,967 DEBUG 7392  --- [YOS-20161225GVT] - [GET] -> [/v1/wuxi/] from: ::1 costs: 9ms data:{
    "param": {},
    "body": {}
}
2019-07-22 16:43:25,120 DEBUG 7392  --- [YOS-20161225GVT] - [DELETE] -> [/v1/wuxi/undefined] from: ::1 costs: 4ms data:{
    "param": {},
    "body": {}
}
2019-07-22 16:43:37,101 DEBUG 7392  --- [YOS-20161225GVT] - [GET] -> [/v1/wuxi/] from: ::1 costs: 67ms data:{
    "param": {},
    "body": {}
}
2019-07-22 16:43:37,339 DEBUG 7392  --- [YOS-20161225GVT] - [DELETE] -> [/v1/wuxi/undefined] from: ::1 costs: 8ms data:{
    "param": {},
    "body": {}
}
2019-07-22 16:45:09,535 DEBUG 7392  --- [YOS-20161225GVT] - [GET] -> [/v1/wuxi/] from: ::1 costs: 40ms data:{
    "param": {},
    "body": {}
}
2019-07-22 16:45:09,621 DEBUG 7392  --- [YOS-20161225GVT] - [DELETE] -> [/v1/wuxi/undefined] from: ::1 costs: 3ms data:{
    "param": {},
    "body": {}
}
2019-07-22 16:45:17,944 DEBUG 7392  --- [YOS-20161225GVT] - [GET] -> [/v1/wuxi/] from: ::1 costs: 4ms data:{
    "param": {},
    "body": {}
}
2019-07-22 16:45:18,347 DEBUG 7392  --- [YOS-20161225GVT] - [DELETE] -> [/v1/wuxi/undefined] from: ::1 costs: 8ms data:{
    "param": {},
    "body": {}
}
2019-07-22 16:45:33,474 DEBUG 7392  --- [YOS-20161225GVT] - [GET] -> [/v1/wuxi/] from: ::1 costs: 33ms data:{
    "param": {},
    "body": {}
}
2019-07-22 16:45:33,578 DEBUG 7392  --- [YOS-20161225GVT] - [DELETE] -> [/v1/wuxi/undefined] from: ::1 costs: 12ms data:{
    "param": {},
    "body": {}
}
2019-07-22 16:46:01,956 DEBUG 7392  --- [YOS-20161225GVT] - [GET] -> [/v1/wuxi/] from: ::1 costs: 23ms data:{
    "param": {},
    "body": {}
}
2019-07-22 16:46:02,036 DEBUG 7392  --- [YOS-20161225GVT] - [DELETE] -> [/v1/wuxi/undefined] from: ::1 costs: 3ms data:{
    "param": {},
    "body": {}
}
2019-07-22 16:46:10,281 DEBUG 7392  --- [YOS-20161225GVT] - [GET] -> [/v1/wuxi/] from: ::1 costs: 7ms data:{
    "param": {},
    "body": {}
}
2019-07-22 16:46:10,524 DEBUG 7392  --- [YOS-20161225GVT] - [DELETE] -> [/v1/wuxi/undefined] from: ::1 costs: 5ms data:{
    "param": {},
    "body": {}
}
2019-07-22 16:46:30,875 DEBUG 7392  --- [YOS-20161225GVT] - [GET] -> [/v1/wuxi/] from: ::1 costs: 9ms data:{
    "param": {},
    "body": {}
}
2019-07-22 16:46:30,990 DEBUG 7392  --- [YOS-20161225GVT] - [DELETE] -> [/v1/wuxi/undefined] from: ::1 costs: 3ms data:{
    "param": {},
    "body": {}
}
2019-07-22 17:14:11,692 DEBUG 7392  --- [YOS-20161225GVT] - [GET] -> [/v1/wuxi/] from: ::1 costs: 42ms data:{
    "param": {},
    "body": {}
}
2019-07-22 17:15:09,932 DEBUG 7392  --- [YOS-20161225GVT] - [GET] -> [/v1/wuxi/] from: ::1 costs: 17ms data:{
    "param": {},
    "body": {}
}
