2019-07-11 08:34:05,268 INFO 6580  --- [YOS-20161225GVT] - listening at http://localhost:5000
2019-07-11 09:50:17,896 DEBUG 6580  --- [YOS-20161225GVT] - [GET] -> [/] from: ::1 costs: 9ms data:{
    "param": {},
    "body": {}
}
2019-07-11 09:50:18,091 DEBUG 6580  --- [YOS-20161225GVT] - [GET] -> [/favicon.ico] from: ::1 costs: 1ms data:{
    "param": {},
    "body": {}
}
2019-07-11 09:50:20,087 DEBUG 6580  --- [YOS-20161225GVT] - [GET] -> [/] from: ::1 costs: 0ms data:{
    "param": {},
    "body": {}
}
2019-07-11 11:17:35,513 DEBUG 6580  --- [YOS-20161225GVT] - [GET] -> [/] from: ::1 costs: 0ms data:{
    "param": {},
    "body": {}
}
2019-07-11 11:17:36,173 DEBUG 6580  --- [YOS-20161225GVT] - [GET] -> [/] from: ::1 costs: 0ms data:{
    "param": {},
    "body": {}
}
2019-07-11 11:18:46,399 DEBUG 6580  --- [YOS-20161225GVT] - [POST] -> [/cms/user/login] from: ::1 costs: 49ms data:{
    "param": {},
    "body": {
        "nickname": "super",
        "password": "123456"
    }
}
2019-07-11 11:18:46,449 DEBUG 6580  --- [YOS-20161225GVT] - [GET] -> [/cms/user/auths] from: ::1 costs: 11ms data:{
    "param": {},
    "body": {}
}
2019-07-11 15:10:37,282 DEBUG 6580  --- [YOS-20161225GVT] - [POST] -> [/cms/user/login] from: ::1 costs: 29ms data:{
    "param": {},
    "body": {
        "nickname": "super",
        "password": "123456"
    }
}
2019-07-11 15:10:37,335 DEBUG 6580  --- [YOS-20161225GVT] - [GET] -> [/cms/user/auths] from: ::1 costs: 15ms data:{
    "param": {},
    "body": {}
}
2019-07-11 15:50:06,693 DEBUG 6580  --- [YOS-20161225GVT] - [GET] -> [/v1/wuxi/] from: ::1 costs: 0ms data:{
    "param": {},
    "body": {}
}
2019-07-11 15:50:18,077 DEBUG 6580  --- [YOS-20161225GVT] - [GET] -> [/v1/wuxi/] from: ::1 costs: 0ms data:{
    "param": {},
    "body": {}
}
2019-07-11 15:50:22,106 DEBUG 6580  --- [YOS-20161225GVT] - [GET] -> [/v1/wuxi/] from: ::1 costs: 0ms data:{
    "param": {},
    "body": {}
}
2019-07-11 15:52:11,551 DEBUG 6580  --- [YOS-20161225GVT] - [GET] -> [/v1/wuxi/] from: ::1 costs: 1ms data:{
    "param": {},
    "body": {}
}
2019-07-11 15:57:07,597 DEBUG 6580  --- [YOS-20161225GVT] - [GET] -> [/v1/wuxi/] from: ::1 costs: 0ms data:{
    "param": {},
    "body": {}
}
2019-07-11 15:57:12,480 DEBUG 6580  --- [YOS-20161225GVT] - [GET] -> [/v1/wuxi/] from: ::1 costs: 0ms data:{
    "param": {},
    "body": {}
}
2019-07-11 15:59:33,236 DEBUG 6580  --- [YOS-20161225GVT] - [GET] -> [/v1/book/] from: ::1 costs: 26ms data:{
    "param": {},
    "body": {}
}
2019-07-11 15:59:47,242 DEBUG 6580  --- [YOS-20161225GVT] - [GET] -> [/v1/wuxi/] from: ::1 costs: 0ms data:{
    "param": {},
    "body": {}
}
2019-07-11 16:03:16,093 DEBUG 6580  --- [YOS-20161225GVT] - [GET] -> [/v1/book/] from: ::1 costs: 16ms data:{
    "param": {},
    "body": {}
}
2019-07-11 16:15:35,751 DEBUG 6580  --- [YOS-20161225GVT] - [GET] -> [/v1/book/] from: ::1 costs: 25ms data:{
    "param": {},
    "body": {}
}
2019-07-11 16:21:36,883 DEBUG 6580  --- [YOS-20161225GVT] - [GET] -> [/v1/wuxi/] from: ::1 costs: 0ms data:{
    "param": {},
    "body": {}
}
2019-07-11 16:21:44,845 DEBUG 6580  --- [YOS-20161225GVT] - [GET] -> [/] from: ::1 costs: 0ms data:{
    "param": {},
    "body": {}
}
2019-07-11 16:24:44,525 DEBUG 6580  --- [YOS-20161225GVT] - [GET] -> [/v1/wuxi/] from: ::1 costs: 0ms data:{
    "param": {},
    "body": {}
}
2019-07-11 16:24:51,225 DEBUG 6580  --- [YOS-20161225GVT] - [GET] -> [/v1/book/] from: ::1 costs: 18ms data:{
    "param": {},
    "body": {}
}
2019-07-11 16:24:54,171 DEBUG 6580  --- [YOS-20161225GVT] - [GET] -> [/v1/wuxi/] from: ::1 costs: 0ms data:{
    "param": {},
    "body": {}
}
2019-07-11 16:28:11,988 DEBUG 6580  --- [YOS-20161225GVT] - [GET] -> [/v1/wuxi/] from: ::1 costs: 0ms data:{
    "param": {},
    "body": {}
}
2019-07-11 16:28:17,743 DEBUG 6580  --- [YOS-20161225GVT] - [GET] -> [/v1/wuxi/] from: ::1 costs: 0ms data:{
    "param": {},
    "body": {}
}
2019-07-11 16:28:25,837 DEBUG 6580  --- [YOS-20161225GVT] - [GET] -> [/v1/book/] from: ::1 costs: 9ms data:{
    "param": {},
    "body": {}
}
2019-07-11 16:28:33,934 DEBUG 6580  --- [YOS-20161225GVT] - [GET] -> [/v1/wuxi/] from: ::1 costs: 0ms data:{
    "param": {},
    "body": {}
}
2019-07-11 16:29:06,678 DEBUG 6580  --- [YOS-20161225GVT] - [GET] -> [/v1/wuxi/] from: ::1 costs: 1ms data:{
    "param": {},
    "body": {}
}
2019-07-11 16:29:14,519 DEBUG 6580  --- [YOS-20161225GVT] - [GET] -> [/v1/wuxi/] from: ::1 costs: 0ms data:{
    "param": {},
    "body": {}
}
2019-07-11 17:12:21,246 DEBUG 6580  --- [YOS-20161225GVT] - [GET] -> [/v1/wuxi/] from: ::1 costs: 0ms data:{
    "param": {},
    "body": {}
}
2019-07-11 17:13:57,971 DEBUG 6580  --- [YOS-20161225GVT] - [GET] -> [/v1/wuxi/] from: ::1 costs: 0ms data:{
    "param": {},
    "body": {}
}
2019-07-11 17:15:59,031 DEBUG 6580  --- [YOS-20161225GVT] - [GET] -> [/v1/wuxi/] from: ::1 costs: 1ms data:{
    "param": {},
    "body": {}
}
2019-07-11 17:16:06,333 DEBUG 6580  --- [YOS-20161225GVT] - [GET] -> [/v1/wuxi/] from: ::1 costs: 0ms data:{
    "param": {},
    "body": {}
}
2019-07-11 17:16:17,262 DEBUG 6580  --- [YOS-20161225GVT] - [GET] -> [/v1/wuxi/] from: ::1 costs: 0ms data:{
    "param": {},
    "body": {}
}
2019-07-11 17:48:55,891 DEBUG 6580  --- [YOS-20161225GVT] - [GET] -> [/v1/wuxi/] from: ::1 costs: 0ms data:{
    "param": {},
    "body": {}
}
2019-07-11 17:50:22,524 DEBUG 6580  --- [YOS-20161225GVT] - [GET] -> [/v1/wuxi/] from: ::1 costs: 0ms data:{
    "param": {},
    "body": {}
}
2019-07-11 17:50:31,083 DEBUG 6580  --- [YOS-20161225GVT] - [GET] -> [/v1/wuxi/] from: ::1 costs: 0ms data:{
    "param": {},
    "body": {}
}
2019-07-11 17:50:42,912 DEBUG 6580  --- [YOS-20161225GVT] - [GET] -> [/v1/wuxi/] from: ::1 costs: 1ms data:{
    "param": {},
    "body": {}
}
2019-07-11 17:50:48,967 DEBUG 6580  --- [YOS-20161225GVT] - [GET] -> [/v1/wuxi/] from: ::1 costs: 0ms data:{
    "param": {},
    "body": {}
}
2019-07-11 17:51:03,445 DEBUG 6580  --- [YOS-20161225GVT] - [GET] -> [/v1/book/] from: ::1 costs: 19ms data:{
    "param": {},
    "body": {}
}
2019-07-11 17:51:08,049 DEBUG 6580  --- [YOS-20161225GVT] - [GET] -> [/v1/wuxi/] from: ::1 costs: 0ms data:{
    "param": {},
    "body": {}
}
2019-07-11 17:51:15,764 DEBUG 6580  --- [YOS-20161225GVT] - [GET] -> [/v1/wuxi/] from: ::1 costs: 0ms data:{
    "param": {},
    "body": {}
}
2019-07-11 17:53:13,112 DEBUG 6580  --- [YOS-20161225GVT] - [GET] -> [/v1/wuxi] from: ::1 costs: 0ms data:{
    "param": {},
    "body": {}
}
2019-07-11 17:54:50,214 DEBUG 6580  --- [YOS-20161225GVT] - [GET] -> [/v1/wuxi] from: ::1 costs: 0ms data:{
    "param": {},
    "body": {}
}
2019-07-11 17:58:08,851 DEBUG 6580  --- [YOS-20161225GVT] - [GET] -> [/v1/wuxi] from: ::1 costs: 1ms data:{
    "param": {},
    "body": {}
}
2019-07-11 17:58:09,638 DEBUG 6580  --- [YOS-20161225GVT] - [GET] -> [/v1/wuxi] from: ::1 costs: 0ms data:{
    "param": {},
    "body": {}
}
2019-07-11 17:58:09,911 DEBUG 6580  --- [YOS-20161225GVT] - [GET] -> [/v1/wuxi] from: ::1 costs: 0ms data:{
    "param": {},
    "body": {}
}
