2019-07-12 10:08:21,708 INFO 5328  --- [YOS-20161225GVT] - listening at http://localhost:5000
2019-07-12 10:08:28,833 DEBUG 5328  --- [YOS-20161225GVT] - [GET] -> [/] from: ::1 costs: 11ms data:{
    "param": {},
    "body": {}
}
2019-07-12 10:08:29,266 DEBUG 5328  --- [YOS-20161225GVT] - [GET] -> [/favicon.ico] from: ::1 costs: 0ms data:{
    "param": {},
    "body": {}
}
2019-07-12 10:08:40,519 DEBUG 5328  --- [YOS-20161225GVT] - [GET] -> [/] from: ::1 costs: 0ms data:{
    "param": {},
    "body": {}
}
2019-07-12 10:08:40,808 DEBUG 5328  --- [YOS-20161225GVT] - [GET] -> [/favicon.ico] from: ::1 costs: 1ms data:{
    "param": {},
    "body": {}
}
2019-07-12 10:09:37,290 DEBUG 5328  --- [YOS-20161225GVT] - [GET] -> [/v1/book/] from: ::1 costs: 42ms data:{
    "param": {},
    "body": {}
}
2019-07-12 10:09:44,365 DEBUG 5328  --- [YOS-20161225GVT] - [GET] -> [/v1/wuxi/] from: ::1 costs: 5ms data:{
    "param": {},
    "body": {}
}
2019-07-12 10:11:20,507 DEBUG 5328  --- [YOS-20161225GVT] - [GET] -> [/v1/wuxi/] from: ::1 costs: 15ms data:{
    "param": {},
    "body": {}
}
2019-07-12 10:11:27,788 DEBUG 5328  --- [YOS-20161225GVT] - [GET] -> [/v1/wuxi/] from: ::1 costs: 4ms data:{
    "param": {},
    "body": {}
}
2019-07-12 10:23:32,799 INFO 9884  --- [YOS-20161225GVT] - listening at http://localhost:5000
2019-07-12 10:35:14,439 DEBUG 9884  --- [YOS-20161225GVT] - [GET] -> [/v1/wuxi/] from: ::1 costs: 32ms data:{
    "param": {},
    "body": {}
}
2019-07-12 10:40:10,890 DEBUG 9884  --- [YOS-20161225GVT] - [GET] -> [/v1/wuxi/1] from: ::1 costs: 1028ms data:{
    "param": {},
    "body": {}
}
[31m2019-07-12 10:40:10,893 ERROR 9884  --- [YOS-20161225GVT] - nodejs.SequelizeConnectionRefusedError: connect ECONNREFUSED 127.0.0.1:3306[39m
[31m    at Promise.tap.then.catch.err (c:\Users\Administrator\project\LIN-CMS\starter\node_modules\sequelize\lib\dialects\mysql\connection-manager.js:123:19)[39m
[31m    at tryCatcher (c:\Users\Administrator\project\LIN-CMS\starter\node_modules\bluebird\js\release\util.js:16:23)[39m
[31m    at Promise._settlePromiseFromHandler (c:\Users\Administrator\project\LIN-CMS\starter\node_modules\bluebird\js\release\promise.js:517:31)[39m
[31m    at Promise._settlePromise (c:\Users\Administrator\project\LIN-CMS\starter\node_modules\bluebird\js\release\promise.js:574:18)[39m
[31m    at Promise._settlePromise0 (c:\Users\Administrator\project\LIN-CMS\starter\node_modules\bluebird\js\release\promise.js:619:10)[39m
[31m    at Promise._settlePromises (c:\Users\Administrator\project\LIN-CMS\starter\node_modules\bluebird\js\release\promise.js:695:18)[39m
[31m    at _drainQueueStep (c:\Users\Administrator\project\LIN-CMS\starter\node_modules\bluebird\js\release\async.js:138:12)[39m
[31m    at _drainQueue (c:\Users\Administrator\project\LIN-CMS\starter\node_modules\bluebird\js\release\async.js:131:9)[39m
[31m    at Async._drainQueues (c:\Users\Administrator\project\LIN-CMS\starter\node_modules\bluebird\js\release\async.js:147:5)[39m
[31m    at Immediate.Async.drainQueues [as _onImmediate] (c:\Users\Administrator\project\LIN-CMS\starter\node_modules\bluebird\js\release\async.js:17:14)[39m
[31m    at runCallback (timers.js:705:18)[39m
[31m    at tryOnImmediate (timers.js:676:5)[39m
[31m    at processImmediate (timers.js:658:5)[39m
[31mname: "SequelizeConnectionRefusedError"[39m
[31mparent: {"errno":"ECONNREFUSED","code":"ECONNREFUSED","syscall":"connect","address":"127.0.0.1","port":3306,"fatal":true}[39m
[31moriginal: {"errno":"ECONNREFUSED","code":"ECONNREFUSED","syscall":"connect","address":"127.0.0.1","port":3306,"fatal":true}[39m
[31mpid: 9884[39m
[31mhostname: YOS-20161225GVT[39m
[31m[39m
2019-07-12 10:40:21,954 DEBUG 9884  --- [YOS-20161225GVT] - [GET] -> [/v1/book/] from: ::1 costs: 1008ms data:{
    "param": {},
    "body": {}
}
[31m2019-07-12 10:40:21,957 ERROR 9884  --- [YOS-20161225GVT] - nodejs.SequelizeConnectionRefusedError: connect ECONNREFUSED 127.0.0.1:3306[39m
[31m    at Promise.tap.then.catch.err (c:\Users\Administrator\project\LIN-CMS\starter\node_modules\sequelize\lib\dialects\mysql\connection-manager.js:123:19)[39m
[31m    at tryCatcher (c:\Users\Administrator\project\LIN-CMS\starter\node_modules\bluebird\js\release\util.js:16:23)[39m
[31m    at Promise._settlePromiseFromHandler (c:\Users\Administrator\project\LIN-CMS\starter\node_modules\bluebird\js\release\promise.js:517:31)[39m
[31m    at Promise._settlePromise (c:\Users\Administrator\project\LIN-CMS\starter\node_modules\bluebird\js\release\promise.js:574:18)[39m
[31m    at Promise._settlePromise0 (c:\Users\Administrator\project\LIN-CMS\starter\node_modules\bluebird\js\release\promise.js:619:10)[39m
[31m    at Promise._settlePromises (c:\Users\Administrator\project\LIN-CMS\starter\node_modules\bluebird\js\release\promise.js:695:18)[39m
[31m    at _drainQueueStep (c:\Users\Administrator\project\LIN-CMS\starter\node_modules\bluebird\js\release\async.js:138:12)[39m
[31m    at _drainQueue (c:\Users\Administrator\project\LIN-CMS\starter\node_modules\bluebird\js\release\async.js:131:9)[39m
[31m    at Async._drainQueues (c:\Users\Administrator\project\LIN-CMS\starter\node_modules\bluebird\js\release\async.js:147:5)[39m
[31m    at Immediate.Async.drainQueues [as _onImmediate] (c:\Users\Administrator\project\LIN-CMS\starter\node_modules\bluebird\js\release\async.js:17:14)[39m
[31m    at runCallback (timers.js:705:18)[39m
[31m    at tryOnImmediate (timers.js:676:5)[39m
[31m    at processImmediate (timers.js:658:5)[39m
[31mname: "SequelizeConnectionRefusedError"[39m
[31mparent: {"errno":"ECONNREFUSED","code":"ECONNREFUSED","syscall":"connect","address":"127.0.0.1","port":3306,"fatal":true}[39m
[31moriginal: {"errno":"ECONNREFUSED","code":"ECONNREFUSED","syscall":"connect","address":"127.0.0.1","port":3306,"fatal":true}[39m
[31mpid: 9884[39m
[31mhostname: YOS-20161225GVT[39m
[31m[39m
2019-07-12 10:40:24,125 DEBUG 9884  --- [YOS-20161225GVT] - [GET] -> [/v1/wuxi/] from: ::1 costs: 1016ms data:{
    "param": {},
    "body": {}
}
[31m2019-07-12 10:40:24,127 ERROR 9884  --- [YOS-20161225GVT] - nodejs.SequelizeConnectionRefusedError: connect ECONNREFUSED 127.0.0.1:3306[39m
[31m    at Promise.tap.then.catch.err (c:\Users\Administrator\project\LIN-CMS\starter\node_modules\sequelize\lib\dialects\mysql\connection-manager.js:123:19)[39m
[31m    at tryCatcher (c:\Users\Administrator\project\LIN-CMS\starter\node_modules\bluebird\js\release\util.js:16:23)[39m
[31m    at Promise._settlePromiseFromHandler (c:\Users\Administrator\project\LIN-CMS\starter\node_modules\bluebird\js\release\promise.js:517:31)[39m
[31m    at Promise._settlePromise (c:\Users\Administrator\project\LIN-CMS\starter\node_modules\bluebird\js\release\promise.js:574:18)[39m
[31m    at Promise._settlePromise0 (c:\Users\Administrator\project\LIN-CMS\starter\node_modules\bluebird\js\release\promise.js:619:10)[39m
[31m    at Promise._settlePromises (c:\Users\Administrator\project\LIN-CMS\starter\node_modules\bluebird\js\release\promise.js:695:18)[39m
[31m    at _drainQueueStep (c:\Users\Administrator\project\LIN-CMS\starter\node_modules\bluebird\js\release\async.js:138:12)[39m
[31m    at _drainQueue (c:\Users\Administrator\project\LIN-CMS\starter\node_modules\bluebird\js\release\async.js:131:9)[39m
[31m    at Async._drainQueues (c:\Users\Administrator\project\LIN-CMS\starter\node_modules\bluebird\js\release\async.js:147:5)[39m
[31m    at Immediate.Async.drainQueues [as _onImmediate] (c:\Users\Administrator\project\LIN-CMS\starter\node_modules\bluebird\js\release\async.js:17:14)[39m
[31m    at runCallback (timers.js:705:18)[39m
[31m    at tryOnImmediate (timers.js:676:5)[39m
[31m    at processImmediate (timers.js:658:5)[39m
[31mname: "SequelizeConnectionRefusedError"[39m
[31mparent: {"errno":"ECONNREFUSED","code":"ECONNREFUSED","syscall":"connect","address":"127.0.0.1","port":3306,"fatal":true}[39m
[31moriginal: {"errno":"ECONNREFUSED","code":"ECONNREFUSED","syscall":"connect","address":"127.0.0.1","port":3306,"fatal":true}[39m
[31mpid: 9884[39m
[31mhostname: YOS-20161225GVT[39m
[31m[39m
2019-07-12 10:40:27,361 DEBUG 9884  --- [YOS-20161225GVT] - [GET] -> [/v1/book/] from: ::1 costs: 1027ms data:{
    "param": {},
    "body": {}
}
[31m2019-07-12 10:40:27,365 ERROR 9884  --- [YOS-20161225GVT] - nodejs.SequelizeConnectionRefusedError: connect ECONNREFUSED 127.0.0.1:3306[39m
[31m    at Promise.tap.then.catch.err (c:\Users\Administrator\project\LIN-CMS\starter\node_modules\sequelize\lib\dialects\mysql\connection-manager.js:123:19)[39m
[31m    at tryCatcher (c:\Users\Administrator\project\LIN-CMS\starter\node_modules\bluebird\js\release\util.js:16:23)[39m
[31m    at Promise._settlePromiseFromHandler (c:\Users\Administrator\project\LIN-CMS\starter\node_modules\bluebird\js\release\promise.js:517:31)[39m
[31m    at Promise._settlePromise (c:\Users\Administrator\project\LIN-CMS\starter\node_modules\bluebird\js\release\promise.js:574:18)[39m
[31m    at Promise._settlePromise0 (c:\Users\Administrator\project\LIN-CMS\starter\node_modules\bluebird\js\release\promise.js:619:10)[39m
[31m    at Promise._settlePromises (c:\Users\Administrator\project\LIN-CMS\starter\node_modules\bluebird\js\release\promise.js:695:18)[39m
[31m    at _drainQueueStep (c:\Users\Administrator\project\LIN-CMS\starter\node_modules\bluebird\js\release\async.js:138:12)[39m
[31m    at _drainQueue (c:\Users\Administrator\project\LIN-CMS\starter\node_modules\bluebird\js\release\async.js:131:9)[39m
[31m    at Async._drainQueues (c:\Users\Administrator\project\LIN-CMS\starter\node_modules\bluebird\js\release\async.js:147:5)[39m
[31m    at Immediate.Async.drainQueues [as _onImmediate] (c:\Users\Administrator\project\LIN-CMS\starter\node_modules\bluebird\js\release\async.js:17:14)[39m
[31m    at runCallback (timers.js:705:18)[39m
[31m    at tryOnImmediate (timers.js:676:5)[39m
[31m    at processImmediate (timers.js:658:5)[39m
[31mname: "SequelizeConnectionRefusedError"[39m
[31mparent: {"errno":"ECONNREFUSED","code":"ECONNREFUSED","syscall":"connect","address":"127.0.0.1","port":3306,"fatal":true}[39m
[31moriginal: {"errno":"ECONNREFUSED","code":"ECONNREFUSED","syscall":"connect","address":"127.0.0.1","port":3306,"fatal":true}[39m
[31mpid: 9884[39m
[31mhostname: YOS-20161225GVT[39m
[31m[39m
2019-07-12 10:40:29,058 DEBUG 9884  --- [YOS-20161225GVT] - [GET] -> [/v1/wuxi/] from: ::1 costs: 1011ms data:{
    "param": {},
    "body": {}
}
[31m2019-07-12 10:40:29,060 ERROR 9884  --- [YOS-20161225GVT] - nodejs.SequelizeConnectionRefusedError: connect ECONNREFUSED 127.0.0.1:3306[39m
[31m    at Promise.tap.then.catch.err (c:\Users\Administrator\project\LIN-CMS\starter\node_modules\sequelize\lib\dialects\mysql\connection-manager.js:123:19)[39m
[31m    at tryCatcher (c:\Users\Administrator\project\LIN-CMS\starter\node_modules\bluebird\js\release\util.js:16:23)[39m
[31m    at Promise._settlePromiseFromHandler (c:\Users\Administrator\project\LIN-CMS\starter\node_modules\bluebird\js\release\promise.js:517:31)[39m
[31m    at Promise._settlePromise (c:\Users\Administrator\project\LIN-CMS\starter\node_modules\bluebird\js\release\promise.js:574:18)[39m
[31m    at Promise._settlePromise0 (c:\Users\Administrator\project\LIN-CMS\starter\node_modules\bluebird\js\release\promise.js:619:10)[39m
[31m    at Promise._settlePromises (c:\Users\Administrator\project\LIN-CMS\starter\node_modules\bluebird\js\release\promise.js:695:18)[39m
[31m    at _drainQueueStep (c:\Users\Administrator\project\LIN-CMS\starter\node_modules\bluebird\js\release\async.js:138:12)[39m
[31m    at _drainQueue (c:\Users\Administrator\project\LIN-CMS\starter\node_modules\bluebird\js\release\async.js:131:9)[39m
[31m    at Async._drainQueues (c:\Users\Administrator\project\LIN-CMS\starter\node_modules\bluebird\js\release\async.js:147:5)[39m
[31m    at Immediate.Async.drainQueues [as _onImmediate] (c:\Users\Administrator\project\LIN-CMS\starter\node_modules\bluebird\js\release\async.js:17:14)[39m
[31m    at runCallback (timers.js:705:18)[39m
[31m    at tryOnImmediate (timers.js:676:5)[39m
[31m    at processImmediate (timers.js:658:5)[39m
[31mname: "SequelizeConnectionRefusedError"[39m
[31mparent: {"errno":"ECONNREFUSED","code":"ECONNREFUSED","syscall":"connect","address":"127.0.0.1","port":3306,"fatal":true}[39m
[31moriginal: {"errno":"ECONNREFUSED","code":"ECONNREFUSED","syscall":"connect","address":"127.0.0.1","port":3306,"fatal":true}[39m
[31mpid: 9884[39m
[31mhostname: YOS-20161225GVT[39m
[31m[39m
2019-07-12 10:40:33,680 DEBUG 9884  --- [YOS-20161225GVT] - [GET] -> [/v1/wuxi/] from: ::1 costs: 1025ms data:{
    "param": {},
    "body": {}
}
[31m2019-07-12 10:40:33,682 ERROR 9884  --- [YOS-20161225GVT] - nodejs.SequelizeConnectionRefusedError: connect ECONNREFUSED 127.0.0.1:3306[39m
[31m    at Promise.tap.then.catch.err (c:\Users\Administrator\project\LIN-CMS\starter\node_modules\sequelize\lib\dialects\mysql\connection-manager.js:123:19)[39m
[31m    at tryCatcher (c:\Users\Administrator\project\LIN-CMS\starter\node_modules\bluebird\js\release\util.js:16:23)[39m
[31m    at Promise._settlePromiseFromHandler (c:\Users\Administrator\project\LIN-CMS\starter\node_modules\bluebird\js\release\promise.js:517:31)[39m
[31m    at Promise._settlePromise (c:\Users\Administrator\project\LIN-CMS\starter\node_modules\bluebird\js\release\promise.js:574:18)[39m
[31m    at Promise._settlePromise0 (c:\Users\Administrator\project\LIN-CMS\starter\node_modules\bluebird\js\release\promise.js:619:10)[39m
[31m    at Promise._settlePromises (c:\Users\Administrator\project\LIN-CMS\starter\node_modules\bluebird\js\release\promise.js:695:18)[39m
[31m    at _drainQueueStep (c:\Users\Administrator\project\LIN-CMS\starter\node_modules\bluebird\js\release\async.js:138:12)[39m
[31m    at _drainQueue (c:\Users\Administrator\project\LIN-CMS\starter\node_modules\bluebird\js\release\async.js:131:9)[39m
[31m    at Async._drainQueues (c:\Users\Administrator\project\LIN-CMS\starter\node_modules\bluebird\js\release\async.js:147:5)[39m
[31m    at Immediate.Async.drainQueues [as _onImmediate] (c:\Users\Administrator\project\LIN-CMS\starter\node_modules\bluebird\js\release\async.js:17:14)[39m
[31m    at runCallback (timers.js:705:18)[39m
[31m    at tryOnImmediate (timers.js:676:5)[39m
[31m    at processImmediate (timers.js:658:5)[39m
[31mname: "SequelizeConnectionRefusedError"[39m
[31mparent: {"errno":"ECONNREFUSED","code":"ECONNREFUSED","syscall":"connect","address":"127.0.0.1","port":3306,"fatal":true}[39m
[31moriginal: {"errno":"ECONNREFUSED","code":"ECONNREFUSED","syscall":"connect","address":"127.0.0.1","port":3306,"fatal":true}[39m
[31mpid: 9884[39m
[31mhostname: YOS-20161225GVT[39m
[31m[39m
2019-07-12 10:40:39,091 DEBUG 9884  --- [YOS-20161225GVT] - [GET] -> [/v1/wuxi/] from: ::1 costs: 999ms data:{
    "param": {},
    "body": {}
}
[31m2019-07-12 10:40:39,097 ERROR 9884  --- [YOS-20161225GVT] - nodejs.SequelizeConnectionRefusedError: connect ECONNREFUSED 127.0.0.1:3306[39m
[31m    at Promise.tap.then.catch.err (c:\Users\Administrator\project\LIN-CMS\starter\node_modules\sequelize\lib\dialects\mysql\connection-manager.js:123:19)[39m
[31m    at tryCatcher (c:\Users\Administrator\project\LIN-CMS\starter\node_modules\bluebird\js\release\util.js:16:23)[39m
[31m    at Promise._settlePromiseFromHandler (c:\Users\Administrator\project\LIN-CMS\starter\node_modules\bluebird\js\release\promise.js:517:31)[39m
[31m    at Promise._settlePromise (c:\Users\Administrator\project\LIN-CMS\starter\node_modules\bluebird\js\release\promise.js:574:18)[39m
[31m    at Promise._settlePromise0 (c:\Users\Administrator\project\LIN-CMS\starter\node_modules\bluebird\js\release\promise.js:619:10)[39m
[31m    at Promise._settlePromises (c:\Users\Administrator\project\LIN-CMS\starter\node_modules\bluebird\js\release\promise.js:695:18)[39m
[31m    at _drainQueueStep (c:\Users\Administrator\project\LIN-CMS\starter\node_modules\bluebird\js\release\async.js:138:12)[39m
[31m    at _drainQueue (c:\Users\Administrator\project\LIN-CMS\starter\node_modules\bluebird\js\release\async.js:131:9)[39m
[31m    at Async._drainQueues (c:\Users\Administrator\project\LIN-CMS\starter\node_modules\bluebird\js\release\async.js:147:5)[39m
[31m    at Immediate.Async.drainQueues [as _onImmediate] (c:\Users\Administrator\project\LIN-CMS\starter\node_modules\bluebird\js\release\async.js:17:14)[39m
[31m    at runCallback (timers.js:705:18)[39m
[31m    at tryOnImmediate (timers.js:676:5)[39m
[31m    at processImmediate (timers.js:658:5)[39m
[31mname: "SequelizeConnectionRefusedError"[39m
[31mparent: {"errno":"ECONNREFUSED","code":"ECONNREFUSED","syscall":"connect","address":"127.0.0.1","port":3306,"fatal":true}[39m
[31moriginal: {"errno":"ECONNREFUSED","code":"ECONNREFUSED","syscall":"connect","address":"127.0.0.1","port":3306,"fatal":true}[39m
[31mpid: 9884[39m
[31mhostname: YOS-20161225GVT[39m
[31m[39m
2019-07-12 10:45:18,758 DEBUG 9884  --- [YOS-20161225GVT] - [GET] -> [/v1/wuxi/] from: ::1 costs: 1011ms data:{
    "param": {},
    "body": {}
}
[31m2019-07-12 10:45:18,760 ERROR 9884  --- [YOS-20161225GVT] - nodejs.SequelizeConnectionRefusedError: connect ECONNREFUSED 127.0.0.1:3306[39m
[31m    at Promise.tap.then.catch.err (c:\Users\Administrator\project\LIN-CMS\starter\node_modules\sequelize\lib\dialects\mysql\connection-manager.js:123:19)[39m
[31m    at tryCatcher (c:\Users\Administrator\project\LIN-CMS\starter\node_modules\bluebird\js\release\util.js:16:23)[39m
[31m    at Promise._settlePromiseFromHandler (c:\Users\Administrator\project\LIN-CMS\starter\node_modules\bluebird\js\release\promise.js:517:31)[39m
[31m    at Promise._settlePromise (c:\Users\Administrator\project\LIN-CMS\starter\node_modules\bluebird\js\release\promise.js:574:18)[39m
[31m    at Promise._settlePromise0 (c:\Users\Administrator\project\LIN-CMS\starter\node_modules\bluebird\js\release\promise.js:619:10)[39m
[31m    at Promise._settlePromises (c:\Users\Administrator\project\LIN-CMS\starter\node_modules\bluebird\js\release\promise.js:695:18)[39m
[31m    at _drainQueueStep (c:\Users\Administrator\project\LIN-CMS\starter\node_modules\bluebird\js\release\async.js:138:12)[39m
[31m    at _drainQueue (c:\Users\Administrator\project\LIN-CMS\starter\node_modules\bluebird\js\release\async.js:131:9)[39m
[31m    at Async._drainQueues (c:\Users\Administrator\project\LIN-CMS\starter\node_modules\bluebird\js\release\async.js:147:5)[39m
[31m    at Immediate.Async.drainQueues [as _onImmediate] (c:\Users\Administrator\project\LIN-CMS\starter\node_modules\bluebird\js\release\async.js:17:14)[39m
[31m    at runCallback (timers.js:705:18)[39m
[31m    at tryOnImmediate (timers.js:676:5)[39m
[31m    at processImmediate (timers.js:658:5)[39m
[31mname: "SequelizeConnectionRefusedError"[39m
[31mparent: {"errno":"ECONNREFUSED","code":"ECONNREFUSED","syscall":"connect","address":"127.0.0.1","port":3306,"fatal":true}[39m
[31moriginal: {"errno":"ECONNREFUSED","code":"ECONNREFUSED","syscall":"connect","address":"127.0.0.1","port":3306,"fatal":true}[39m
[31mpid: 9884[39m
[31mhostname: YOS-20161225GVT[39m
[31m[39m
2019-07-12 10:48:02,765 DEBUG 9884  --- [YOS-20161225GVT] - [GET] -> [/v1/wuxi/] from: ::1 costs: 1086ms data:{
    "param": {},
    "body": {}
}
[31m2019-07-12 10:48:02,767 ERROR 9884  --- [YOS-20161225GVT] - nodejs.SequelizeConnectionRefusedError: connect ECONNREFUSED 127.0.0.1:3306[39m
[31m    at Promise.tap.then.catch.err (c:\Users\Administrator\project\LIN-CMS\starter\node_modules\sequelize\lib\dialects\mysql\connection-manager.js:123:19)[39m
[31m    at tryCatcher (c:\Users\Administrator\project\LIN-CMS\starter\node_modules\bluebird\js\release\util.js:16:23)[39m
[31m    at Promise._settlePromiseFromHandler (c:\Users\Administrator\project\LIN-CMS\starter\node_modules\bluebird\js\release\promise.js:517:31)[39m
[31m    at Promise._settlePromise (c:\Users\Administrator\project\LIN-CMS\starter\node_modules\bluebird\js\release\promise.js:574:18)[39m
[31m    at Promise._settlePromise0 (c:\Users\Administrator\project\LIN-CMS\starter\node_modules\bluebird\js\release\promise.js:619:10)[39m
[31m    at Promise._settlePromises (c:\Users\Administrator\project\LIN-CMS\starter\node_modules\bluebird\js\release\promise.js:695:18)[39m
[31m    at _drainQueueStep (c:\Users\Administrator\project\LIN-CMS\starter\node_modules\bluebird\js\release\async.js:138:12)[39m
[31m    at _drainQueue (c:\Users\Administrator\project\LIN-CMS\starter\node_modules\bluebird\js\release\async.js:131:9)[39m
[31m    at Async._drainQueues (c:\Users\Administrator\project\LIN-CMS\starter\node_modules\bluebird\js\release\async.js:147:5)[39m
[31m    at Immediate.Async.drainQueues [as _onImmediate] (c:\Users\Administrator\project\LIN-CMS\starter\node_modules\bluebird\js\release\async.js:17:14)[39m
[31m    at runCallback (timers.js:705:18)[39m
[31m    at tryOnImmediate (timers.js:676:5)[39m
[31m    at processImmediate (timers.js:658:5)[39m
[31mname: "SequelizeConnectionRefusedError"[39m
[31mparent: {"errno":"ECONNREFUSED","code":"ECONNREFUSED","syscall":"connect","address":"127.0.0.1","port":3306,"fatal":true}[39m
[31moriginal: {"errno":"ECONNREFUSED","code":"ECONNREFUSED","syscall":"connect","address":"127.0.0.1","port":3306,"fatal":true}[39m
[31mpid: 9884[39m
[31mhostname: YOS-20161225GVT[39m
[31m[39m
2019-07-12 10:53:44,149 DEBUG 9884  --- [YOS-20161225GVT] - [GET] -> [/cms/log/users?count=5&page=0] from: ::1 costs: 3ms data:{
    "param": {
        "count": "5",
        "page": "0"
    },
    "body": {}
}
2019-07-12 10:53:51,414 DEBUG 9884  --- [YOS-20161225GVT] - [POST] -> [/cms/user/login] from: ::1 costs: 1012ms data:{
    "param": {},
    "body": {
        "nickname": "super",
        "password": "123456"
    }
}
[31m2019-07-12 10:53:51,419 ERROR 9884  --- [YOS-20161225GVT] - nodejs.SequelizeConnectionRefusedError: connect ECONNREFUSED 127.0.0.1:3306[39m
[31m    at Promise.tap.then.catch.err (c:\Users\Administrator\project\LIN-CMS\starter\node_modules\sequelize\lib\dialects\mysql\connection-manager.js:123:19)[39m
[31m    at tryCatcher (c:\Users\Administrator\project\LIN-CMS\starter\node_modules\bluebird\js\release\util.js:16:23)[39m
[31m    at Promise._settlePromiseFromHandler (c:\Users\Administrator\project\LIN-CMS\starter\node_modules\bluebird\js\release\promise.js:517:31)[39m
[31m    at Promise._settlePromise (c:\Users\Administrator\project\LIN-CMS\starter\node_modules\bluebird\js\release\promise.js:574:18)[39m
[31m    at Promise._settlePromise0 (c:\Users\Administrator\project\LIN-CMS\starter\node_modules\bluebird\js\release\promise.js:619:10)[39m
[31m    at Promise._settlePromises (c:\Users\Administrator\project\LIN-CMS\starter\node_modules\bluebird\js\release\promise.js:695:18)[39m
[31m    at _drainQueueStep (c:\Users\Administrator\project\LIN-CMS\starter\node_modules\bluebird\js\release\async.js:138:12)[39m
[31m    at _drainQueue (c:\Users\Administrator\project\LIN-CMS\starter\node_modules\bluebird\js\release\async.js:131:9)[39m
[31m    at Async._drainQueues (c:\Users\Administrator\project\LIN-CMS\starter\node_modules\bluebird\js\release\async.js:147:5)[39m
[31m    at Immediate.Async.drainQueues [as _onImmediate] (c:\Users\Administrator\project\LIN-CMS\starter\node_modules\bluebird\js\release\async.js:17:14)[39m
[31m    at runCallback (timers.js:705:18)[39m
[31m    at tryOnImmediate (timers.js:676:5)[39m
[31m    at processImmediate (timers.js:658:5)[39m
[31mname: "SequelizeConnectionRefusedError"[39m
[31mparent: {"errno":"ECONNREFUSED","code":"ECONNREFUSED","syscall":"connect","address":"127.0.0.1","port":3306,"fatal":true}[39m
[31moriginal: {"errno":"ECONNREFUSED","code":"ECONNREFUSED","syscall":"connect","address":"127.0.0.1","port":3306,"fatal":true}[39m
[31mpid: 9884[39m
[31mhostname: YOS-20161225GVT[39m
[31m[39m
