2019-07-08 19:06:26,987 INFO 9483  --- [wuxideMBP] - listening at http://localhost:5000
2019-07-08 19:06:34,609 DEBUG 9483  --- [wuxideMBP] - [GET] -> [/] from: ::1 costs: 6ms data:{
    "param": {},
    "body": {}
}
2019-07-08 19:06:34,918 DEBUG 9483  --- [wuxideMBP] - [GET] -> [/favicon.ico] from: ::1 costs: 0ms data:{
    "param": {},
    "body": {}
}
2019-07-08 19:42:01,580 INFO 11377  --- [wuxideMBP] - listening at http://localhost:5000
2019-07-08 19:42:14,758 DEBUG 11377  --- [wuxideMBP] - [GET] -> [/] from: ::1 costs: 3ms data:{
    "param": {},
    "body": {}
}
2019-07-08 19:42:20,013 DEBUG 11377  --- [wuxideMBP] - [POST] -> [/cms/user/login] from: ::1 costs: 19ms data:{
    "param": {},
    "body": {
        "nickname": "super",
        "password": "123456"
    }
}
2019-07-08 19:42:20,034 DEBUG 11377  --- [wuxideMBP] - [GET] -> [/cms/user/auths] from: ::1 costs: 8ms data:{
    "param": {},
    "body": {}
}
2019-07-08 19:43:09,296 DEBUG 11377  --- [wuxideMBP] - [GET] -> [/cms/log/users?count=5&page=0] from: ::1 costs: 20ms data:{
    "param": {
        "count": "5",
        "page": "0"
    },
    "body": {}
}
2019-07-08 19:43:09,336 DEBUG 11377  --- [wuxideMBP] - [GET] -> [/cms/log/?count=15&page=0] from: ::1 costs: 26ms data:{
    "param": {
        "count": "15",
        "page": "0"
    },
    "body": {}
}
2019-07-08 19:43:13,033 DEBUG 11377  --- [wuxideMBP] - [GET] -> [/cms/log/?count=15&page=1] from: ::1 costs: 8ms data:{
    "param": {
        "count": "15",
        "page": "1"
    },
    "body": {}
}
2019-07-08 19:44:49,682 DEBUG 11377  --- [wuxideMBP] - [GET] -> [/v1/book/] from: ::1 costs: 5ms data:{
    "param": {},
    "body": {}
}
2019-07-08 19:44:55,776 DEBUG 11377  --- [wuxideMBP] - [GET] -> [/cms/admin/users?count=10&page=0] from: ::1 costs: 4ms data:{
    "param": {
        "count": "10",
        "page": "0"
    },
    "body": {}
}
2019-07-08 19:44:55,824 DEBUG 11377  --- [wuxideMBP] - [GET] -> [/cms/admin/group/all] from: ::1 costs: 10ms data:{
    "param": {},
    "body": {}
}
2019-07-08 19:45:03,177 DEBUG 11377  --- [wuxideMBP] - [GET] -> [/cms/admin/group/all] from: ::1 costs: 3ms data:{
    "param": {},
    "body": {}
}
2019-07-08 19:45:37,417 DEBUG 11377  --- [wuxideMBP] - [POST] -> [/cms/user/register] from: ::1 costs: 16ms data:{
    "param": {},
    "body": {
        "nickname": "wuxi",
        "password": "123456",
        "confirm_password": "123456",
        "email": "1943551716@qq.com",
        "group_id": 0
    }
}
2019-07-08 19:45:45,490 DEBUG 11377  --- [wuxideMBP] - [GET] -> [/cms/admin/users?count=10&page=0] from: ::1 costs: 6ms data:{
    "param": {
        "count": "10",
        "page": "0"
    },
    "body": {}
}
2019-07-08 19:45:45,524 DEBUG 11377  --- [wuxideMBP] - [GET] -> [/cms/admin/group/all] from: ::1 costs: 3ms data:{
    "param": {},
    "body": {}
}
2019-07-08 19:45:54,287 DEBUG 11377  --- [wuxideMBP] - [GET] -> [/cms/admin/users?count=10&page=0] from: ::1 costs: 4ms data:{
    "param": {
        "count": "10",
        "page": "0"
    },
    "body": {}
}
2019-07-08 19:49:11,776 DEBUG 11377  --- [wuxideMBP] - [GET] -> [/] from: ::1 costs: 1ms data:{
    "param": {},
    "body": {}
}
2019-07-08 19:57:43,898 DEBUG 11377  --- [wuxideMBP] - [GET] -> [/v1/book/] from: ::1 costs: 6ms data:{
    "param": {},
    "body": {}
}
2019-07-08 20:02:44,844 DEBUG 11377  --- [wuxideMBP] - [GET] -> [/v1/book/] from: ::1 costs: 4ms data:{
    "param": {},
    "body": {}
}
